<?xml version="1.0" encoding="UTF-8"?>
<!-- Generated by org.testng.reporters.JUnitReportReporter -->
<testsuite hostname="Varsha-PC" failures="0" tests="1" name="testng.ParllelTesting2" time="22.289" errors="0" timestamp="03 Mar 2020 22:59:02 GMT" skipped="0">
  <testcase classname="testng.ParllelTesting2" name="m2" time="22.289"/>
</testsuite> <!-- testng.ParllelTesting2 -->
