<?xml version="1.0" encoding="UTF-8"?>
<!-- Generated by org.testng.reporters.JUnitReportReporter -->
<testsuite hostname="Varsha-PC" failures="0" tests="2" name="testng.TestAttributes" time="0.020" errors="0" timestamp="26 Feb 2020 23:59:57 GMT" skipped="0">
  <testcase classname="testng.TestAttributes" name="testMethod2" time="0.017"/>
  <testcase classname="testng.TestAttributes" name="testMethod1" time="0.003"/>
</testsuite> <!-- testng.TestAttributes -->
