<?xml version="1.0" encoding="UTF-8"?>
<!-- Generated by org.testng.reporters.JUnitReportReporter -->
<testsuite hostname="Varsha-PC" failures="0" tests="4" name="seleniumclasses.TestNgGroups" time="0.016" errors="0" timestamp="27 Feb 2020 23:14:52 GMT" skipped="0">
  <testcase classname="seleniumclasses.TestNgGroups" name="testColor" time="0.010"/>
  <testcase classname="seleniumclasses.TestNgGroups" name="testFlowers" time="0.002"/>
  <testcase classname="seleniumclasses.TestNgGroups" name="testFood" time="0.002"/>
  <testcase classname="seleniumclasses.TestNgGroups" name="testFlowers1" time="0.002"/>
</testsuite> <!-- seleniumclasses.TestNgGroups -->
