<?xml version="1.0" encoding="UTF-8"?>
<!-- Generated by org.testng.reporters.JUnitReportReporter -->
<testsuite hostname="Varsha-PC" failures="0" tests="3" name="testng.DataProviderAnnotain" time="15.701" errors="0" timestamp="02 Mar 2020 23:38:37 GMT" skipped="0">
  <testcase classname="testng.DataProviderAnnotain" name="testcase" time="6.100"/>
  <testcase classname="testng.DataProviderAnnotain" name="testcase" time="5.155"/>
  <testcase classname="testng.DataProviderAnnotain" name="testcase" time="4.446"/>
</testsuite> <!-- testng.DataProviderAnnotain -->
