<?xml version="1.0" encoding="UTF-8"?>
<!-- Generated by org.testng.reporters.JUnitReportReporter -->
<testsuite hostname="Varsha-PC" failures="0" tests="1" name="testng.ParllelTesting" time="12.265" errors="0" timestamp="03 Mar 2020 22:59:02 GMT" skipped="0">
  <testcase classname="testng.ParllelTesting" name="m1" time="12.265"/>
</testsuite> <!-- testng.ParllelTesting -->
