<?xml version="1.0" encoding="UTF-8"?>
<!-- Generated by org.testng.reporters.JUnitReportReporter -->
<testsuite hostname="Varsha-PC" failures="0" tests="2" name="testng.TestNgAnnotations" time="0.010" errors="0" timestamp="08 Mar 2020 01:42:21 GMT" skipped="0">
  <testcase classname="testng.TestNgAnnotations" name="test2" time="0.002"/>
  <testcase classname="testng.TestNgAnnotations" name="test1" time="0.008"/>
</testsuite> <!-- testng.TestNgAnnotations -->
