<?xml version="1.0" encoding="UTF-8"?>
<!-- Generated by org.testng.reporters.JUnitReportReporter -->
<testsuite hostname="Varsha-PC" failures="0" tests="2" name="testng.Introduction" time="0.003" errors="0" timestamp="26 Feb 2020 23:59:57 GMT" skipped="0">
  <testcase classname="testng.Introduction" name="myMethod" time="0.001"/>
  <testcase classname="testng.Introduction" name="myMethod1" time="0.002"/>
</testsuite> <!-- testng.Introduction -->
