<?xml version="1.0" encoding="UTF-8"?>
<!-- Generated by org.testng.reporters.JUnitReportReporter -->
<testsuite hostname="Varsha-PC" failures="0" tests="7" name="testng_classes.GroupsDemo" time="0.061" errors="0" timestamp="2021-09-08T19:28:17 IST" skipped="0">
  <testcase classname="testng_classes.GroupsDemo" name="test4" time="0.004"/>
  <system-out/>
  <testcase classname="testng_classes.GroupsDemo" name="test7" time="0.005"/>
  <system-out/>
  <testcase classname="testng_classes.GroupsDemo" name="test2" time="0.004"/>
  <system-out/>
  <testcase classname="testng_classes.GroupsDemo" name="test6" time="0.005"/>
  <system-out/>
  <testcase classname="testng_classes.GroupsDemo" name="test1" time="0.026"/>
  <system-out/>
  <testcase classname="testng_classes.GroupsDemo" name="test5" time="0.005"/>
  <system-out/>
  <testcase classname="testng_classes.GroupsDemo" name="test3" time="0.012"/>
  <system-out/>
</testsuite> <!-- testng_classes.GroupsDemo -->
