<?xml version="1.0" encoding="UTF-8"?>
<!-- Generated by org.testng.reporters.JUnitReportReporter -->
<testsuite hostname="Varsha-PC" failures="0" tests="3" name="testng_classes.DataProviderDemo" time="31.661" errors="0" timestamp="2021-09-09T19:16:41 IST" skipped="0">
  <testcase classname="testng_classes.DataProviderDemo" name="googleTest" time="8.649"/>
  <system-out/>
  <testcase classname="testng_classes.DataProviderDemo" name="googleTest" time="14.044"/>
  <system-out/>
  <testcase classname="testng_classes.DataProviderDemo" name="googleTest" time="8.968"/>
  <system-out/>
</testsuite> <!-- testng_classes.DataProviderDemo -->
