<?xml version="1.0" encoding="UTF-8"?>
<!-- Generated by org.testng.reporters.JUnitReportReporter -->
<testsuite hostname="Varsha-PC" failures="0" tests="6" name="testng_classes.TestNGDemo2" time="5.042" errors="0" timestamp="2021-09-08T19:18:40 IST" skipped="0">
  <testcase classname="testng_classes.TestNGDemo2" name="DashBoard" time="1.004"/>
  <system-out/>
  <testcase classname="testng_classes.TestNGDemo2" name="DashBoard" time="1.005"/>
  <system-out/>
  <testcase classname="testng_classes.TestNGDemo2" name="DashBoard" time="1.006"/>
  <system-out/>
  <testcase classname="testng_classes.TestNGDemo2" name="DashBoard" time="1.015"/>
  <system-out/>
  <testcase classname="testng_classes.TestNGDemo2" name="DashBoard" time="1.009"/>
  <system-out/>
  <testcase classname="testng_classes.TestNGDemo2" name="login" time="0.003"/>
  <system-out/>
</testsuite> <!-- testng_classes.TestNGDemo2 -->
