<?xml version="1.0" encoding="UTF-8"?>
<!-- Generated by org.testng.reporters.JUnitReportReporter -->
<testsuite hostname="Varsha-PC" failures="0" tests="3" name="testng_classes.ParllelExecution2" time="43.606" errors="0" timestamp="2021-09-09T19:48:15 IST" skipped="0">
  <testcase classname="testng_classes.ParllelExecution2" name="googleTest2" time="14.121"/>
  <system-out/>
  <testcase classname="testng_classes.ParllelExecution2" name="googleTest" time="14.951"/>
  <system-out/>
  <testcase classname="testng_classes.ParllelExecution2" name="googleTest1" time="14.534"/>
  <system-out/>
</testsuite> <!-- testng_classes.ParllelExecution2 -->
