<?xml version="1.0" encoding="UTF-8"?>
<!-- Generated by org.testng.reporters.JUnitReportReporter -->
<testsuite hostname="Varsha-PC" failures="0" tests="2" name="testng_classes.TestngDemo" time="0.039" errors="0" timestamp="2021-09-08T19:18:40 IST" skipped="0">
  <testcase classname="testng_classes.TestngDemo" name="test1" time="0.010"/>
  <system-out/>
  <testcase classname="testng_classes.TestngDemo" name="test" time="0.029"/>
  <system-out/>
</testsuite> <!-- testng_classes.TestngDemo -->
