<?xml version="1.0" encoding="UTF-8"?>
<!-- Generated by org.testng.reporters.JUnitReportReporter -->
<testsuite hostname="Varsha-PC" failures="0" tests="3" name="testng_classes.ParllelExecution" time="42.268" errors="0" timestamp="2021-09-09T19:48:15 IST" skipped="0">
  <testcase classname="testng_classes.ParllelExecution" name="googleTest2" time="14.490"/>
  <system-out/>
  <testcase classname="testng_classes.ParllelExecution" name="googleTest1" time="14.318"/>
  <system-out/>
  <testcase classname="testng_classes.ParllelExecution" name="googleTest" time="13.460"/>
  <system-out/>
</testsuite> <!-- testng_classes.ParllelExecution -->
